#
# A fatal error has been detected by the Java Runtime Environment:
#
#  Internal Error (javaCalls.cpp:62), pid=5660, tid=1036
#  guarantee(thread->is_Java_thread()) failed: crucial check - the VM thread cannot and must not escape to Java code
#
# JRE version: 7.0_07-b10
# Java VM: Java HotSpot(TM) 64-Bit Server VM (23.3-b01 mixed mode windows-amd64 compressed oops)
# Failed to write core dump. Minidumps are not enabled by default on client versions of Windows
#
# If you would like to submit a bug report, please visit:
#   http://bugreport.sun.com/bugreport/crash.jsp
#

---------------  T H R E A D  ---------------

Current thread (0x0000000002340800):  GCTaskThread [stack: 0x0000000005980000,0x0000000005a80000] [id=1036]

Stack: [0x0000000005980000,0x0000000005a80000]
JavaThread 0x00000000113d8000 (nid = 3384) was being processed
Java frames: (J=compiled Java code, j=interpreted, Vv=VM code)
j  org.springsource.loaded.Utils.loadBytesFromStream(Ljava/io/InputStream;)[B+12
j  org.springsource.loaded.Utils.loadClassAsBytes2(Ljava/lang/ClassLoader;Ljava/lang/String;)[B+39
j  org.springsource.loaded.TypeRegistry.getDescriptorFor(Ljava/lang/String;)Lorg/springsource/loaded/TypeDescriptor;+23
J  org.springsource.loaded.TypeDescriptorExtractor$ExtractionVisitor.findTypeDescriptor(Lorg/springsource/loaded/TypeRegistry;Ljava/lang/String;)Lorg/springsource/loaded/TypeDescriptor;
j  org.springsource.loaded.TypeDescriptorExtractor$ExtractionVisitor.computeFieldsRequiringAccessors()V+17
j  org.springsource.loaded.TypeDescriptorExtractor$ExtractionVisitor.getTypeDescriptor()Lorg/springsource/loaded/TypeDescriptor;+12
j  org.springsource.loaded.TypeDescriptorExtractor.extract([BZ)Lorg/springsource/loaded/TypeDescriptor;+29
j  org.springsource.loaded.TypeRegistry.getDescriptorFor(Ljava/lang/String;)Lorg/springsource/loaded/TypeDescriptor;+41
J  org.springsource.loaded.TypeDescriptorExtractor$ExtractionVisitor.findTypeDescriptor(Lorg/springsource/loaded/TypeRegistry;Ljava/lang/String;)Lorg/springsource/loaded/TypeDescriptor;
j  org.springsource.loaded.TypeDescriptorExtractor$ExtractionVisitor.computeFieldsRequiringAccessors()V+17
j  org.springsource.loaded.TypeDescriptorExtractor$ExtractionVisitor.getTypeDescriptor()Lorg/springsource/loaded/TypeDescriptor;+12
j  org.springsource.loaded.TypeDescriptorExtractor.extract([BZ)Lorg/springsource/loaded/TypeDescriptor;+29
j  org.springsource.loaded.TypeRegistry.getDescriptorFor(Ljava/lang/String;)Lorg/springsource/loaded/TypeDescriptor;+41
J  org.springsource.loaded.TypeDescriptorExtractor$ExtractionVisitor.findTypeDescriptor(Lorg/springsource/loaded/TypeRegistry;Ljava/lang/String;)Lorg/springsource/loaded/TypeDescriptor;
J  org.springsource.loaded.TypeDescriptorExtractor$ExtractionVisitor.computeCatchers()V
j  org.springsource.loaded.TypeDescriptorExtractor$ExtractionVisitor.getTypeDescriptor()Lorg/springsource/loaded/TypeDescriptor;+8
j  org.springsource.loaded.TypeDescriptorExtractor.extract([BZ)Lorg/springsource/loaded/TypeDescriptor;+29
j  org.springsource.loaded.TypeRegistry.addType(Ljava/lang/String;[B)Lorg/springsource/loaded/ReloadableType;+50
J  org.springsource.loaded.agent.SpringLoadedPreProcessor.preProcess(Ljava/lang/ClassLoader;Ljava/lang/String;Ljava/security/ProtectionDomain;[B)[B
J  sun.instrument.TransformerManager.transform(Ljava/lang/ClassLoader;Ljava/lang/String;Ljava/lang/Class;Ljava/security/ProtectionDomain;[B)[B
j  sun.instrument.InstrumentationImpl.transform(Ljava/lang/ClassLoader;Ljava/lang/String;Ljava/lang/Class;Ljava/security/ProtectionDomain;[BZ)[B+34
v  ~StubRoutines::call_stub
j  java.lang.ClassLoader.defineClass1(Ljava/lang/String;[BIILjava/security/ProtectionDomain;Ljava/lang/String;)Ljava/lang/Class;+0
j  java.lang.ClassLoader.defineClass(Ljava/lang/String;[BIILjava/security/ProtectionDomain;)Ljava/lang/Class;+30
j  org.codehaus.groovy.reflection.ClassLoaderForClassArtifacts.define(Ljava/lang/String;[B)Ljava/lang/Class;+26
j  org.codehaus.groovy.reflection.ClassLoaderForClassArtifacts$1.run()Ljava/lang/Class;+12
j  org.codehaus.groovy.reflection.ClassLoaderForClassArtifacts$1.run()Ljava/lang/Object;+1
v  ~StubRoutines::call_stub
j  java.security.AccessController.doPrivileged(Ljava/security/PrivilegedAction;)Ljava/lang/Object;+0
j  org.codehaus.groovy.reflection.ClassLoaderForClassArtifacts.defineClassAndGetConstructor(Ljava/lang/String;[B)Ljava/lang/reflect/Constructor;+10
j  org.codehaus.groovy.runtime.callsite.CallSiteGenerator.compileStaticMethod(Lorg/codehaus/groovy/reflection/CachedMethod;)Ljava/lang/reflect/Constructor;+43
j  org.codehaus.groovy.reflection.CachedMethod.createStaticMetaMethodSite(Lorg/codehaus/groovy/runtime/callsite/CallSite;Lgroovy/lang/MetaClassImpl;[Ljava/lang/Class;)Lorg/codehaus/groovy/runtime/callsite/CallSite;+30
j  org.codehaus.groovy.runtime.callsite.StaticMetaMethodSite.createStaticMetaMethodSite(Lorg/codehaus/groovy/runtime/callsite/CallSite;Lgroovy/lang/MetaClassImpl;Lgroovy/lang/MetaMethod;[Ljava/lang/Class;[Ljava/lang/Object;)Lorg/codehaus/groovy/runtime/callsite/CallSite;+56
j  groovy.lang.MetaClassImpl.createStaticSite(Lorg/codehaus/groovy/runtime/callsite/CallSite;[Ljava/lang/Object;)Lorg/codehaus/groovy/runtime/callsite/CallSite;+36
j  groovy.lang.ExpandoMetaClass.createStaticSite(Lorg/codehaus/groovy/runtime/callsite/CallSite;[Ljava/lang/Object;)Lorg/codehaus/groovy/runtime/callsite/CallSite;+20
j  org.codehaus.groovy.runtime.callsite.CallSiteArray.createCallStaticSite(Lorg/codehaus/groovy/runtime/callsite/CallSite;Ljava/lang/Class;[Ljava/lang/Object;)Lorg/codehaus/groovy/runtime/callsite/CallSite;+30
j  org.codehaus.groovy.runtime.callsite.CallSiteArray.createCallSite(Lorg/codehaus/groovy/runtime/callsite/CallSite;Ljava/lang/Object;[Ljava/lang/Object;)Lorg/codehaus/groovy/runtime/callsite/CallSite;+26
j  org.codehaus.groovy.runtime.callsite.CallSiteArray.defaultCall(Lorg/codehaus/groovy/runtime/callsite/CallSite;Ljava/lang/Object;[Ljava/lang/Object;)Ljava/lang/Object;+3
j  org.codehaus.groovy.runtime.callsite.AbstractCallSite.call(Ljava/lang/Object;[Ljava/lang/Object;)Ljava/lang/Object;+3
j  org.codehaus.groovy.runtime.callsite.AbstractCallSite.call(Ljava/lang/Object;Ljava/lang/Object;)Ljava/lang/Object;+6
j  igoto.EventController.join()Ljava/lang/Object;+79
v  ~StubRoutines::call_stub
j  sun.reflect.NativeMethodAccessorImpl.invoke0(Ljava/lang/reflect/Method;Ljava/lang/Object;[Ljava/lang/Object;)Ljava/lang/Object;+0
j  sun.reflect.NativeMethodAccessorImpl.invoke(Ljava/lang/Object;[Ljava/lang/Object;)Ljava/lang/Object;+87
J  java.lang.reflect.Method.invoke(Ljava/lang/Object;[Ljava/lang/Object;)Ljava/lang/Object;
j  org.springsource.loaded.ri.ReflectiveInterceptor.jlrMethodInvoke(Ljava/lang/reflect/Method;Ljava/lang/Object;[Ljava/lang/Object;)Ljava/lang/Object;+1972
j  org.codehaus.groovy.grails.web.servlet.mvc.MixedGrailsControllerHelper.invoke(Lgroovy/lang/GroovyObject;Ljava/lang/Object;)Ljava/lang/Object;+18
j  grails.plugin.cache.web.ProxyAwareMixedGrailsControllerHelper.invoke(Lgroovy/lang/GroovyObject;Ljava/lang/Object;)Ljava/lang/Object;+31
j  org.codehaus.groovy.grails.web.servlet.mvc.AbstractGrailsControllerHelper.handleAction(Lgroovy/lang/GroovyObject;Ljava/lang/Object;Ljavax/servlet/http/HttpServletRequest;Ljavax/servlet/http/HttpServletResponse;Ljava/util/Map;)Ljava/lang/Object;+46
j  grails.plugin.cache.web.ProxyAwareMixedGrailsControllerHelper.handleAction(Lgroovy/lang/GroovyObject;Ljava/lang/Object;Ljavax/servlet/http/HttpServletRequest;Ljavax/servlet/http/HttpServletResponse;Ljava/util/Map;)Ljava/lang/Object;+42
j  org.codehaus.groovy.grails.web.servlet.mvc.AbstractGrailsControllerHelper.executeAction(Lgroovy/lang/GroovyObject;Ljava/lang/String;Ljava/lang/String;Lorg/codehaus/groovy/grails/web/servlet/mvc/GrailsWebRequest;Ljava/util/Map;)Lorg/springframework/web/servlet/ModelAndView;+45
j  grails.plugin.cache.web.ProxyAwareMixedGrailsControllerHelper.executeAction(Lgroovy/lang/GroovyObject;Ljava/lang/String;Ljava/lang/String;Lorg/codehaus/groovy/grails/web/servlet/mvc/GrailsWebRequest;Ljava/util/Map;)Lorg/springframework/web/servlet/ModelAndView;+41
j  org.codehaus.groovy.grails.web.servlet.mvc.AbstractGrailsControllerHelper.handleURI(Ljava/lang/String;Lorg/codehaus/groovy/grails/web/servlet/mvc/GrailsWebRequest;Ljava/util/Map;)Lorg/springframework/web/servlet/ModelAndView;+369
j  grails.plugin.cache.web.ProxyAwareMixedGrailsControllerHelper.handleURI(Ljava/lang/String;Lorg/codehaus/groovy/grails/web/servlet/mvc/GrailsWebRequest;Ljava/util/Map;)Lorg/springframework/web/servlet/ModelAndView;+33
j  org.codehaus.groovy.grails.web.servlet.mvc.AbstractGrailsControllerHelper.handleURI(Ljava/lang/String;Lorg/codehaus/groovy/grails/web/servlet/mvc/GrailsWebRequest;)Lorg/springframework/web/servlet/ModelAndView;+6
j  grails.plugin.cache.web.ProxyAwareMixedGrailsControllerHelper.handleURI(Ljava/lang/String;Lorg/codehaus/groovy/grails/web/servlet/mvc/GrailsWebRequest;)Lorg/springframework/web/servlet/ModelAndView;+31
j  org.codehaus.groovy.grails.web.servlet.mvc.SimpleGrailsController.handleRequest(Ljavax/servlet/http/HttpServletRequest;Ljavax/servlet/http/HttpServletResponse;)Lorg/springframework/web/servlet/ModelAndView;+81
j  org.springframework.web.servlet.mvc.SimpleControllerHandlerAdapter.handle(Ljavax/servlet/http/HttpServletRequest;Ljavax/servlet/http/HttpServletResponse;Ljava/lang/Object;)Lorg/springframework/web/servlet/ModelAndView;+6
j  org.codehaus.groovy.grails.web.servlet.GrailsDispatcherServlet.doDispatch(Ljavax/servlet/http/HttpServletRequest;Ljavax/servlet/http/HttpServletResponse;)V+366
j  org.springframework.web.servlet.DispatcherServlet.doService(Ljavax/servlet/http/HttpServletRequest;Ljavax/servlet/http/HttpServletResponse;)V+292
j  org.springframework.web.servlet.FrameworkServlet.processRequest(Ljavax/servlet/http/HttpServletRequest;Ljavax/servlet/http/HttpServletResponse;)V+111
j  org.springframework.web.servlet.FrameworkServlet.doPost(Ljavax/servlet/http/HttpServletRequest;Ljavax/servlet/http/HttpServletResponse;)V+3
j  javax.servlet.http.HttpServlet.service(Ljavax/servlet/http/HttpServletRequest;Ljavax/servlet/http/HttpServletResponse;)V+149
j  javax.servlet.http.HttpServlet.service(Ljavax/servlet/ServletRequest;Ljavax/servlet/ServletResponse;)V+31
j  org.apache.catalina.core.ApplicationFilterChain.internalDoFilter(Ljavax/servlet/ServletRequest;Ljavax/servlet/ServletResponse;)V+446
j  org.apache.catalina.core.ApplicationFilterChain.doFilter(Ljavax/servlet/ServletRequest;Ljavax/servlet/ServletResponse;)V+101
j  grails.plugin.cache.web.filter.PageFragmentCachingFilter.doFilter(Ljavax/servlet/http/HttpServletRequest;Ljavax/servlet/http/HttpServletResponse;Ljavax/servlet/FilterChain;)V+217
j  grails.plugin.cache.web.filter.simple.MemoryPageFragmentCachingFilter.doFilter(Ljavax/servlet/http/HttpServletRequest;Ljavax/servlet/http/HttpServletResponse;Ljavax/servlet/FilterChain;)V+31
j  grails.plugin.cache.web.filter.AbstractFilter.doFilter(Ljavax/servlet/ServletRequest;Ljavax/servlet/ServletResponse;Ljavax/servlet/FilterChain;)V+73
j  org.springframework.web.filter.DelegatingFilterProxy.invokeDelegate(Ljavax/servlet/Filter;Ljavax/servlet/ServletRequest;Ljavax/servlet/ServletResponse;Ljavax/servlet/FilterChain;)V+5
j  org.springframework.web.filter.DelegatingFilterProxy.doFilter(Ljavax/servlet/ServletRequest;Ljavax/servlet/ServletResponse;Ljavax/servlet/FilterChain;)V+71
j  org.apache.catalina.core.ApplicationFilterChain.internalDoFilter(Ljavax/servlet/ServletRequest;Ljavax/servlet/ServletResponse;)V+151
j  org.apache.catalina.core.ApplicationFilterChain.doFilter(Ljavax/servlet/ServletRequest;Ljavax/servlet/ServletResponse;)V+101
j  org.springframework.web.filter.OncePerRequestFilter.doFilter(Ljavax/servlet/ServletRequest;Ljavax/servlet/ServletResponse;Ljavax/servlet/FilterChain;)V+65
j  org.apache.catalina.core.ApplicationFilterChain.internalDoFilter(Ljavax/servlet/ServletRequest;Ljavax/servlet/ServletResponse;)V+151
j  org.apache.catalina.core.ApplicationFilterChain.doFilter(Ljavax/servlet/ServletRequest;Ljavax/servlet/ServletResponse;)V+101
j  org.springframework.web.filter.OncePerRequestFilter.doFilter(Ljavax/servlet/ServletRequest;Ljavax/servlet/ServletResponse;Ljavax/servlet/FilterChain;)V+65
j  org.apache.catalina.core.ApplicationFilterChain.internalDoFilter(Ljavax/servlet/ServletRequest;Ljavax/servlet/ServletResponse;)V+151
j  org.apache.catalina.core.ApplicationFilterChain.doFilter(Ljavax/servlet/ServletRequest;Ljavax/servlet/ServletResponse;)V+101
j  org.springframework.web.filter.OncePerRequestFilter.doFilter(Ljavax/servlet/ServletRequest;Ljavax/servlet/ServletResponse;Ljavax/servlet/FilterChain;)V+65
j  org.apache.catalina.core.ApplicationFilterChain.internalDoFilter(Ljavax/servlet/ServletRequest;Ljavax/servlet/ServletResponse;)V+151
j  org.apache.catalina.core.ApplicationFilterChain.doFilter(Ljavax/servlet/ServletRequest;Ljavax/servlet/ServletResponse;)V+101
j  org.apache.catalina.core.ApplicationDispatcher.invoke(Ljavax/servlet/ServletRequest;Ljavax/servlet/ServletResponse;Lorg/apache/catalina/core/ApplicationDispatcher$State;)V+393
j  org.apache.catalina.core.ApplicationDispatcher.processRequest(Ljavax/servlet/ServletRequest;Ljavax/servlet/ServletResponse;Lorg/apache/catalina/core/ApplicationDispatcher$State;)V+98
j  org.apache.catalina.core.ApplicationDispatcher.doForward(Ljavax/servlet/ServletRequest;Ljavax/servlet/ServletResponse;)V+338
j  org.apache.catalina.core.ApplicationDispatcher.forward(Ljavax/servlet/ServletRequest;Ljavax/servlet/ServletResponse;)V+55
j  org.codehaus.groovy.grails.web.util.WebUtils.forwardRequestForUrlMappingInfo(Ljavax/servlet/http/HttpServletRequest;Ljavax/servlet/http/HttpServletResponse;Lorg/codehaus/groovy/grails/web/mapping/UrlMappingInfo;Ljava/util/Map;Z)Ljava/lang/String;+56
j  org.codehaus.groovy.grails.web.util.WebUtils.forwardRequestForUrlMappingInfo(Ljavax/servlet/http/HttpServletRequest;Ljavax/servlet/http/HttpServletResponse;Lorg/codehaus/groovy/grails/web/mapping/UrlMappingInfo;Ljava/util/Map;)Ljava/lang/String;+5
j  org.codehaus.groovy.grails.web.util.WebUtils.forwardRequestForUrlMappingInfo(Ljavax/servlet/http/HttpServletRequest;Ljavax/servlet/http/HttpServletResponse;Lorg/codehaus/groovy/grails/web/mapping/UrlMappingInfo;)Ljava/lang/String;+6
j  org.codehaus.groovy.grails.web.mapping.filter.UrlMappingsFilter.doFilterInternal(Ljavax/servlet/http/HttpServletRequest;Ljavax/servlet/http/HttpServletResponse;Ljavax/servlet/FilterChain;)V+730
j  org.springframework.web.filter.OncePerRequestFilter.doFilter(Ljavax/servlet/ServletRequest;Ljavax/servlet/ServletResponse;Ljavax/servlet/FilterChain;)V+90
j  org.apache.catalina.core.ApplicationFilterChain.internalDoFilter(Ljavax/servlet/ServletRequest;Ljavax/servlet/ServletResponse;)V+151
j  org.apache.catalina.core.ApplicationFilterChain.doFilter(Ljavax/servlet/ServletRequest;Ljavax/servlet/ServletResponse;)V+101
j  org.codehaus.groovy.grails.web.sitemesh.GrailsPageFilter.obtainContent(Lcom/opensymphony/sitemesh/ContentProcessor;Lcom/opensymphony/sitemesh/webapp/SiteMeshWebAppContext;Ljavax/servlet/http/HttpServletRequest;Ljavax/servlet/http/HttpServletResponse;Ljavax/servlet/FilterChain;)Lcom/opensymphony/sitemesh/Content;+52
j  org.codehaus.groovy.grails.web.sitemesh.GrailsPageFilter.doFilter(Ljavax/servlet/ServletRequest;Ljavax/servlet/ServletResponse;Ljavax/servlet/FilterChain;)V+126
j  org.apache.catalina.core.ApplicationFilterChain.internalDoFilter(Ljavax/servlet/ServletRequest;Ljavax/servlet/ServletResponse;)V+151
j  org.apache.catalina.core.ApplicationFilterChain.doFilter(Ljavax/servlet/ServletRequest;Ljavax/servlet/ServletResponse;)V+101
j  javax.servlet.FilterChain$doFilter.call(Ljava/lang/Object;Ljava/lang/Object;Ljava/lang/Object;)Ljava/lang/Object;+22
j  org.grails.plugin.resource.DevModeSanityFilter.doFilter(Ljavax/servlet/ServletRequest;Ljavax/servlet/ServletResponse;Ljavax/servlet/FilterChain;)V+166
j  org.apache.catalina.core.ApplicationFilterChain.internalDoFilter(Ljavax/servlet/ServletRequest;Ljavax/servlet/ServletResponse;)V+151
j  org.apache.catalina.core.ApplicationFilterChain.doFilter(Ljavax/servlet/ServletRequest;Ljavax/servlet/ServletResponse;)V+101
j  org.codehaus.groovy.grails.web.servlet.mvc.GrailsWebRequestFilter.doFilterInternal(Ljavax/servlet/http/HttpServletRequest;Ljavax/servlet/http/HttpServletResponse;Ljavax/servlet/FilterChain;)V+98
j  org.springframework.web.filter.OncePerRequestFilter.doFilter(Ljavax/servlet/ServletRequest;Ljavax/servlet/ServletResponse;Ljavax/servlet/FilterChain;)V+90
j  org.apache.catalina.core.ApplicationFilterChain.internalDoFilter(Ljavax/servlet/ServletRequest;Ljavax/servlet/ServletResponse;)V+151
j  org.apache.catalina.core.ApplicationFilterChain.doFilter(Ljavax/servlet/ServletRequest;Ljavax/servlet/ServletResponse;)V+101
j  org.codehaus.groovy.grails.web.filters.HiddenHttpMethodFilter.doFilterInternal(Ljavax/servlet/http/HttpServletRequest;Ljavax/servlet/http/HttpServletResponse;Ljavax/servlet/FilterChain;)V+50
j  org.springframework.web.filter.OncePerRequestFilter.doFilter(Ljavax/servlet/ServletRequest;Ljavax/servlet/ServletResponse;Ljavax/servlet/FilterChain;)V+90
j  org.apache.catalina.core.ApplicationFilterChain.internalDoFilter(Ljavax/servlet/ServletRequest;Ljavax/servlet/ServletResponse;)V+151
j  org.apache.catalina.core.ApplicationFilterChain.doFilter(Ljavax/servlet/ServletRequest;Ljavax/servlet/ServletResponse;)V+101
j  org.springframework.web.filter.CharacterEncodingFilter.doFilterInternal(Ljavax/servlet/http/HttpServletRequest;Ljavax/servlet/http/HttpServletResponse;Ljavax/servlet/FilterChain;)V+53
j  org.springframework.web.filter.OncePerRequestFilter.doFilter(Ljavax/servlet/ServletRequest;Ljavax/servlet/ServletResponse;Ljavax/servlet/FilterChain;)V+90
j  org.springframework.web.filter.DelegatingFilterProxy.invokeDelegate(Ljavax/servlet/Filter;Ljavax/servlet/ServletRequest;Ljavax/servlet/ServletResponse;Ljavax/servlet/FilterChain;)V+5
j  org.springframework.web.filter.DelegatingFilterProxy.doFilter(Ljavax/servlet/ServletRequest;Ljavax/servlet/ServletResponse;Ljavax/servlet/FilterChain;)V+71
j  org.apache.catalina.core.ApplicationFilterChain.internalDoFilter(Ljavax/servlet/ServletRequest;Ljavax/servlet/ServletResponse;)V+151
j  org.apache.catalina.core.ApplicationFilterChain.doFilter(Ljavax/servlet/ServletRequest;Ljavax/servlet/ServletResponse;)V+101
j  org.apache.catalina.core.StandardWrapperValve.invoke(Lorg/apache/catalina/connector/Request;Lorg/apache/catalina/connector/Response;)V+783
j  org.apache.catalina.core.StandardContextValve.invoke(Lorg/apache/catalina/connector/Request;Lorg/apache/catalina/connector/Response;)V+166
j  org.apache.catalina.core.StandardHostValve.invoke(Lorg/apache/catalina/connector/Request;Lorg/apache/catalina/connector/Response;)V+148
j  org.apache.catalina.valves.ErrorReportValve.invoke(Lorg/apache/catalina/connector/Request;Lorg/apache/catalina/connector/Response;)V+6
j  org.apache.catalina.core.StandardEngineValve.invoke(Lorg/apache/catalina/connector/Request;Lorg/apache/catalina/connector/Response;)V+71
j  org.apache.catalina.connector.CoyoteAdapter.service(Lorg/apache/coyote/Request;Lorg/apache/coyote/Response;)V+196
j  org.apache.coyote.http11.AbstractHttp11Processor.process(Lorg/apache/tomcat/util/net/SocketWrapper;)Lorg/apache/tomcat/util/net/AbstractEndpoint$Handler$SocketState;+549
j  org.apache.coyote.AbstractProtocol$AbstractConnectionHandler.process(Lorg/apache/tomcat/util/net/SocketWrapper;Lorg/apache/tomcat/util/net/SocketStatus;)Lorg/apache/tomcat/util/net/AbstractEndpoint$Handler$SocketState;+158
j  org.apache.tomcat.util.net.JIoEndpoint$SocketProcessor.run()V+106
j  java.util.concurrent.ThreadPoolExecutor.runWorker(Ljava/util/concurrent/ThreadPoolExecutor$Worker;)V+46
j  java.util.concurrent.ThreadPoolExecutor$Worker.run()V+5
j  java.lang.Thread.run()V+11
v  ~StubRoutines::call_stub

---------------  P R O C E S S  ---------------

Java Threads: ( => current thread )
  0x00000000113d8000 JavaThread "http-bio-8080-exec-7" daemon [_thread_blocked, id=3384, stack(0x0000000014e30000,0x0000000014f30000)]
  0x00000000113db000 JavaThread "http-bio-8080-exec-6" daemon [_thread_blocked, id=4836, stack(0x0000000018450000,0x0000000018550000)]
  0x00000000113d7800 JavaThread "http-bio-8080-exec-5" daemon [_thread_blocked, id=6124, stack(0x0000000014d30000,0x0000000014e30000)]
  0x00000000113d9000 JavaThread "http-bio-8080-exec-4" daemon [_thread_blocked, id=4236, stack(0x0000000014c30000,0x0000000014d30000)]
  0x00000000113da800 JavaThread "http-bio-8080-exec-3" daemon [_thread_blocked, id=3896, stack(0x0000000014b30000,0x0000000014c30000)]
  0x0000000012194000 JavaThread "http-bio-8080-exec-2" daemon [_thread_blocked, id=5632, stack(0x000000000d660000,0x000000000d760000)]
  0x0000000012193000 JavaThread "http-bio-8080-exec-1" daemon [_thread_blocked, id=696, stack(0x000000000c3a0000,0x000000000c4a0000)]
  0x0000000012196000 JavaThread "Thread-9" daemon [_thread_blocked, id=2820, stack(0x00000000136c0000,0x00000000137c0000)]
  0x0000000012197800 JavaThread "http-bio-8080-AsyncTimeout" daemon [_thread_blocked, id=6456, stack(0x0000000013220000,0x0000000013320000)]
  0x0000000012197000 JavaThread "http-bio-8080-Acceptor-0" daemon [_thread_in_native, id=3420, stack(0x0000000013120000,0x0000000013220000)]
  0x0000000012199000 JavaThread "ContainerBackgroundProcessor[StandardEngine[Tomcat]]" daemon [_thread_blocked, id=5128, stack(0x0000000013020000,0x0000000013120000)]
  0x0000000012192800 JavaThread "net.sf.ehcache.CacheManager@d5ae2a7" daemon [_thread_blocked, id=6268, stack(0x0000000013960000,0x0000000013a60000)]
  0x0000000012198800 JavaThread "Abandoned connection cleanup thread" daemon [_thread_blocked, id=2124, stack(0x000000000f880000,0x000000000f980000)]
  0x0000000012195800 JavaThread "pool-2-thread-5" [_thread_blocked, id=4116, stack(0x00000000135c0000,0x00000000136c0000)]
  0x0000000012194800 JavaThread "pool-2-thread-4" [_thread_blocked, id=5096, stack(0x00000000134c0000,0x00000000135c0000)]
  0x000000001272e000 JavaThread "pool-2-thread-3" [_thread_blocked, id=3260, stack(0x00000000133c0000,0x00000000134c0000)]
  0x000000000f172800 JavaThread "pool-2-thread-2" [_thread_blocked, id=5028, stack(0x0000000011ed0000,0x0000000011fd0000)]
  0x00000000120ad800 JavaThread "pool-2-thread-1" [_thread_blocked, id=4476, stack(0x0000000011dd0000,0x0000000011ed0000)]
  0x000000000d3ba800 JavaThread "pool-1-thread-5" [_thread_blocked, id=1464, stack(0x0000000011cd0000,0x0000000011dd0000)]
  0x000000000d3ba000 JavaThread "pool-1-thread-4" [_thread_blocked, id=6208, stack(0x0000000011bd0000,0x0000000011cd0000)]
  0x0000000010a2e000 JavaThread "pool-1-thread-3" [_thread_blocked, id=6304, stack(0x0000000011ad0000,0x0000000011bd0000)]
  0x0000000010a2d000 JavaThread "pool-1-thread-2" [_thread_blocked, id=5928, stack(0x000000000f9e0000,0x000000000fae0000)]
  0x0000000010e28000 JavaThread "pool-1-thread-1" [_thread_blocked, id=184, stack(0x000000000c540000,0x000000000c640000)]
  0x000000000ef66800 JavaThread "FileSystemWatcher: files=#265 cl=java.net.URLClassLoader@624733f0" daemon [_thread_blocked, id=3156, stack(0x000000000b220000,0x000000000b320000)]
  0x000000000864a800 JavaThread "Monitor Ctrl-Break" daemon [_thread_in_native, id=6572, stack(0x000000000a3b0000,0x000000000a4b0000)]
  0x00000000085fb000 JavaThread "Service Thread" daemon [_thread_blocked, id=3988, stack(0x000000000a1b0000,0x000000000a2b0000)]
  0x0000000009bf3000 JavaThread "C2 CompilerThread1" daemon [_thread_blocked, id=5320, stack(0x000000000a0b0000,0x000000000a1b0000)]
  0x0000000009bf2800 JavaThread "C2 CompilerThread0" daemon [_thread_blocked, id=3512, stack(0x0000000009fb0000,0x000000000a0b0000)]
  0x00000000085bd000 JavaThread "Attach Listener" daemon [_thread_blocked, id=1432, stack(0x0000000009ab0000,0x0000000009bb0000)]
  0x00000000085b9800 JavaThread "Signal Dispatcher" daemon [_thread_blocked, id=1540, stack(0x00000000099b0000,0x0000000009ab0000)]
  0x0000000008557000 JavaThread "Finalizer" daemon [_thread_blocked, id=2560, stack(0x00000000098b0000,0x00000000099b0000)]
  0x000000000854e000 JavaThread "Reference Handler" daemon [_thread_blocked, id=3964, stack(0x00000000097b0000,0x00000000098b0000)]
  0x0000000002330800 JavaThread "main" [_thread_blocked, id=6844, stack(0x0000000002060000,0x0000000002160000)]

Other Threads:
  0x0000000008546800 VMThread [stack: 0x00000000096b0000,0x00000000097b0000] [id=4148]
  0x00000000085fc000 WatcherThread [stack: 0x000000000a2b0000,0x000000000a3b0000] [id=740]

=>0x0000000002340800 (exited) GCTaskThread [stack: 0x0000000005980000,0x0000000005a80000] [id=1036]

VM state:at safepoint (normal execution)

VM Mutex/Monitor currently owned by a thread:  ([mutex/lock_event])
[0x000000000218bcb0] Threads_lock - owner thread: 0x0000000008546800
[0x000000000218c6b0] Heap_lock - owner thread: 0x00000000113d8000

Heap
 PSYoungGen      total 248192K, used 234531K [0x00000000f0000000, 0x0000000100000000, 0x0000000100000000)
  eden space 233920K, 99% used [0x00000000f0000000,0x00000000fe30c9b0,0x00000000fe470000)
  from space 14272K, 14% used [0x00000000ff210000,0x00000000ff40c5c0,0x0000000100000000)
  to   space 13952K, 28% used [0x00000000fe470000,0x00000000fe85c378,0x00000000ff210000)
 ParOldGen       total 524288K, used 129285K [0x00000000d0000000, 0x00000000f0000000, 0x00000000f0000000)
  object space 524288K, 24% used [0x00000000d0000000,0x00000000d7e41798,0x00000000f0000000)
 PSPermGen       total 262144K, used 77857K [0x00000000c0000000, 0x00000000d0000000, 0x00000000d0000000)
  object space 262144K, 29% used [0x00000000c0000000,0x00000000c4c08420,0x00000000d0000000)

Card table byte_map: [0x00000000054f0000,0x0000000005700000] byte_map_base: 0x0000000004ef0000

Polling page: 0x0000000002040000

Code Cache  [0x0000000002430000, 0x0000000002ac0000, 0x0000000005430000)
 total_blobs=2110 nmethods=1399 adapters=661 free_code_cache=42599Kb largest_free_block=43503296

Compilation events (10 events):
Event: 83.216 Thread 0x0000000009bf3000 nmethod 1566 0x00000000029bde10 code [0x00000000029bdf60, 0x00000000029be028]
Event: 83.457 Thread 0x0000000009bf3000 1567  s          org.codehaus.groovy.reflection.stdclasses.ObjectCachedClass::getCachedSuperClass (2 bytes)
Event: 83.458 Thread 0x0000000009bf3000 nmethod 1567 0x00000000029bda50 code [0x00000000029bdb80, 0x00000000029bdd78]
Event: 83.563 Thread 0x0000000009bf3000 1568             java.net.URLClassLoader$2::<init> (15 bytes)
Event: 83.563 Thread 0x0000000009bf3000 nmethod 1568 0x00000000029b6d10 code [0x00000000029b6e40, 0x00000000029b6eb8]
Event: 83.564 Thread 0x0000000009bf3000 1569             java.net.URLClassLoader$2::run (5 bytes)
Event: 83.567 Thread 0x0000000009bf3000 nmethod 1569 0x00000000029b7f90 code [0x00000000029b8120, 0x00000000029b8310]
Event: 83.567 Thread 0x0000000009bf3000 1570             java.net.URLClassLoader$2::run (16 bytes)
Event: 83.570 Thread 0x0000000009bf3000 nmethod 1570 0x00000000029b7910 code [0x00000000029b7aa0, 0x00000000029b7c90]
Event: 83.740 Thread 0x0000000009bf2800 nmethod 1556 0x0000000002a98210 code [0x0000000002a98f00, 0x0000000002aa1988]

GC Heap History (10 events):
Event: 26.256 GC heap after
Heap after GC invocations=30 (full 0):
 PSYoungGen      total 246080K, used 4364K [0x00000000f0000000, 0x0000000100000000, 0x0000000100000000)
  eden space 229248K, 0% used [0x00000000f0000000,0x00000000f0000000,0x00000000fdfe0000)
  from space 16832K, 25% used [0x00000000fef90000,0x00000000ff3d3310,0x0000000100000000)
  to   space 16064K, 0% used [0x00000000fdfe0000,0x00000000fdfe0000,0x00000000fef90000)
 ParOldGen       total 524288K, used 115404K [0x00000000d0000000, 0x00000000f0000000, 0x00000000f0000000)
  object space 524288K, 22% used [0x00000000d0000000,0x00000000d70b32b8,0x00000000f0000000)
 PSPermGen       total 262144K, used 71071K [0x00000000c0000000, 0x00000000d0000000, 0x00000000d0000000)
  object space 262144K, 27% used [0x00000000c0000000,0x00000000c4567c20,0x00000000d0000000)
}
Event: 66.973 GC heap before
{Heap before GC invocations=31 (full 0):
 PSYoungGen      total 246080K, used 233382K [0x00000000f0000000, 0x0000000100000000, 0x0000000100000000)
  eden space 229248K, 99% used [0x00000000f0000000,0x00000000fdfa6500,0x00000000fdfe0000)
  from space 16832K, 25% used [0x00000000fef90000,0x00000000ff3d3310,0x0000000100000000)
  to   space 16064K, 0% used [0x00000000fdfe0000,0x00000000fdfe0000,0x00000000fef90000)
 ParOldGen       total 524288K, used 115404K [0x00000000d0000000, 0x00000000f0000000, 0x00000000f0000000)
  object space 524288K, 22% used [0x00000000d0000000,0x00000000d70b32b8,0x00000000f0000000)
 PSPermGen       total 262144K, used 73444K [0x00000000c0000000, 0x00000000d0000000, 0x00000000d0000000)
  object space 262144K, 28% used [0x00000000c0000000,0x00000000c47b9348,0x00000000d0000000)
Event: 66.984 GC heap after
Heap after GC invocations=31 (full 0):
 PSYoungGen      total 245312K, used 4572K [0x00000000f0000000, 0x0000000100000000, 0x0000000100000000)
  eden space 229248K, 0% used [0x00000000f0000000,0x00000000f0000000,0x00000000fdfe0000)
  from space 16064K, 28% used [0x00000000fdfe0000,0x00000000fe457300,0x00000000fef90000)
  to   space 15296K, 0% used [0x00000000ff110000,0x00000000ff110000,0x0000000100000000)
 ParOldGen       total 524288K, used 119283K [0x00000000d0000000, 0x00000000f0000000, 0x00000000f0000000)
  object space 524288K, 22% used [0x00000000d0000000,0x00000000d747cd28,0x00000000f0000000)
 PSPermGen       total 262144K, used 73444K [0x00000000c0000000, 0x00000000d0000000, 0x00000000d0000000)
  object space 262144K, 28% used [0x00000000c0000000,0x00000000c47b9348,0x00000000d0000000)
}
Event: 67.768 GC heap before
{Heap before GC invocations=32 (full 0):
 PSYoungGen      total 245312K, used 233820K [0x00000000f0000000, 0x0000000100000000, 0x0000000100000000)
  eden space 229248K, 100% used [0x00000000f0000000,0x00000000fdfe0000,0x00000000fdfe0000)
  from space 16064K, 28% used [0x00000000fdfe0000,0x00000000fe457300,0x00000000fef90000)
  to   space 15296K, 0% used [0x00000000ff110000,0x00000000ff110000,0x0000000100000000)
 ParOldGen       total 524288K, used 119283K [0x00000000d0000000, 0x00000000f0000000, 0x00000000f0000000)
  object space 524288K, 22% used [0x00000000d0000000,0x00000000d747cd28,0x00000000f0000000)
 PSPermGen       total 262144K, used 74642K [0x00000000c0000000, 0x00000000d0000000, 0x00000000d0000000)
  object space 262144K, 28% used [0x00000000c0000000,0x00000000c48e49c8,0x00000000d0000000)
Event: 67.781 GC heap after
Heap after GC invocations=32 (full 0):
 PSYoungGen      total 247360K, used 3482K [0x00000000f0000000, 0x0000000100000000, 0x0000000100000000)
  eden space 232064K, 0% used [0x00000000f0000000,0x00000000f0000000,0x00000000fe2a0000)
  from space 15296K, 22% used [0x00000000ff110000,0x00000000ff476940,0x0000000100000000)
  to   space 14784K, 0% used [0x00000000fe2a0000,0x00000000fe2a0000,0x00000000ff110000)
 ParOldGen       total 524288K, used 122097K [0x00000000d0000000, 0x00000000f0000000, 0x00000000f0000000)
  object space 524288K, 23% used [0x00000000d0000000,0x00000000d773c708,0x00000000f0000000)
 PSPermGen       total 262144K, used 74642K [0x00000000c0000000, 0x00000000d0000000, 0x00000000d0000000)
  object space 262144K, 28% used [0x00000000c0000000,0x00000000c48e49c8,0x00000000d0000000)
}
Event: 70.841 GC heap before
{Heap before GC invocations=33 (full 0):
 PSYoungGen      total 247360K, used 235488K [0x00000000f0000000, 0x0000000100000000, 0x0000000100000000)
  eden space 232064K, 99% used [0x00000000f0000000,0x00000000fe291aa8,0x00000000fe2a0000)
  from space 15296K, 22% used [0x00000000ff110000,0x00000000ff476940,0x0000000100000000)
  to   space 14784K, 0% used [0x00000000fe2a0000,0x00000000fe2a0000,0x00000000ff110000)
 ParOldGen       total 524288K, used 122097K [0x00000000d0000000, 0x00000000f0000000, 0x00000000f0000000)
  object space 524288K, 23% used [0x00000000d0000000,0x00000000d773c708,0x00000000f0000000)
 PSPermGen       total 262144K, used 75599K [0x00000000c0000000, 0x00000000d0000000, 0x00000000d0000000)
  object space 262144K, 28% used [0x00000000c0000000,0x00000000c49d3f70,0x00000000d0000000)
Event: 70.851 GC heap after
Heap after GC invocations=33 (full 0):
 PSYoungGen      total 246848K, used 3219K [0x00000000f0000000, 0x0000000100000000, 0x0000000100000000)
  eden space 232064K, 0% used [0x00000000f0000000,0x00000000f0000000,0x00000000fe2a0000)
  from space 14784K, 21% used [0x00000000fe2a0000,0x00000000fe5c4d88,0x00000000ff110000)
  to   space 14272K, 0% used [0x00000000ff210000,0x00000000ff210000,0x0000000100000000)
 ParOldGen       total 524288K, used 124724K [0x00000000d0000000, 0x00000000f0000000, 0x00000000f0000000)
  object space 524288K, 23% used [0x00000000d0000000,0x00000000d79cd278,0x00000000f0000000)
 PSPermGen       total 262144K, used 75599K [0x00000000c0000000, 0x00000000d0000000, 0x00000000d0000000)
  object space 262144K, 28% used [0x00000000c0000000,0x00000000c49d3f70,0x00000000d0000000)
}
Event: 71.288 GC heap before
{Heap before GC invocations=34 (full 0):
 PSYoungGen      total 246848K, used 230130K [0x00000000f0000000, 0x0000000100000000, 0x0000000100000000)
  eden space 232064K, 97% used [0x00000000f0000000,0x00000000fdd97c58,0x00000000fe2a0000)
  from space 14784K, 21% used [0x00000000fe2a0000,0x00000000fe5c4d88,0x00000000ff110000)
  to   space 14272K, 0% used [0x00000000ff210000,0x00000000ff210000,0x0000000100000000)
 ParOldGen       total 524288K, used 124724K [0x00000000d0000000, 0x00000000f0000000, 0x00000000f0000000)
  object space 524288K, 23% used [0x00000000d0000000,0x00000000d79cd278,0x00000000f0000000)
 PSPermGen       total 262144K, used 76367K [0x00000000c0000000, 0x00000000d0000000, 0x00000000d0000000)
  object space 262144K, 29% used [0x00000000c0000000,0x00000000c4a93e20,0x00000000d0000000)
Event: 71.297 GC heap after
Heap after GC invocations=34 (full 0):
 PSYoungGen      total 248192K, used 2033K [0x00000000f0000000, 0x0000000100000000, 0x0000000100000000)
  eden space 233920K, 0% used [0x00000000f0000000,0x00000000f0000000,0x00000000fe470000)
  from space 14272K, 14% used [0x00000000ff210000,0x00000000ff40c5c0,0x0000000100000000)
  to   space 13952K, 0% used [0x00000000fe470000,0x00000000fe470000,0x00000000ff210000)
 ParOldGen       total 524288K, used 127596K [0x00000000d0000000, 0x00000000f0000000, 0x00000000f0000000)
  object space 524288K, 24% used [0x00000000d0000000,0x00000000d7c9b0f0,0x00000000f0000000)
 PSPermGen       total 262144K, used 76367K [0x00000000c0000000, 0x00000000d0000000, 0x00000000d0000000)
  object space 262144K, 29% used [0x00000000c0000000,0x00000000c4a93e20,0x00000000d0000000)
}
Event: 91.475 GC heap before
{Heap before GC invocations=35 (full 0):
 PSYoungGen      total 248192K, used 234531K [0x00000000f0000000, 0x0000000100000000, 0x0000000100000000)
  eden space 233920K, 99% used [0x00000000f0000000,0x00000000fe30c8d0,0x00000000fe470000)
  from space 14272K, 14% used [0x00000000ff210000,0x00000000ff40c5c0,0x0000000100000000)
  to   space 13952K, 0% used [0x00000000fe470000,0x00000000fe470000,0x00000000ff210000)
 ParOldGen       total 524288K, used 127596K [0x00000000d0000000, 0x00000000f0000000, 0x00000000f0000000)
  object space 524288K, 24% used [0x00000000d0000000,0x00000000d7c9b0f0,0x00000000f0000000)
 PSPermGen       total 262144K, used 77857K [0x00000000c0000000, 0x00000000d0000000, 0x00000000d0000000)
  object space 262144K, 29% used [0x00000000c0000000,0x00000000c4c08420,0x00000000d0000000)

Deoptimization events (10 events):
Event: 70.120 Thread 0x00000000113da800 Uncommon trap -34 fr.pc 0x0000000002663b60
Event: 70.120 Thread 0x00000000113da800 Uncommon trap -34 fr.pc 0x0000000002663b60
Event: 70.338 Thread 0x00000000113da800 Uncommon trap -34 fr.pc 0x000000000299ac98
Event: 70.429 Thread 0x00000000113da800 Uncommon trap -58 fr.pc 0x000000000271a95c
Event: 70.429 Thread 0x00000000113da800 Uncommon trap -58 fr.pc 0x000000000271a95c
Event: 70.429 Thread 0x00000000113da800 Uncommon trap -58 fr.pc 0x000000000271a95c
Event: 70.429 Thread 0x00000000113da800 Uncommon trap -58 fr.pc 0x000000000271a95c
Event: 70.645 Thread 0x00000000113da800 Uncommon trap -34 fr.pc 0x000000000299ac98
Event: 82.881 Thread 0x00000000113d7800 Uncommon trap -12 fr.pc 0x00000000028ff3f0
Event: 83.228 Thread 0x00000000113d7800 Uncommon trap -34 fr.pc 0x000000000299ac98

Internal exceptions (10 events):
Event: 91.467 Thread 0x00000000113d8000 Threw 0x00000000fcede920 at C:\jdk7u1_64p\jdk7u7\hotspot\src\share\vm\prims\jvm.cpp:1166
Event: 91.467 Thread 0x00000000113d8000 Threw 0x00000000fcedf3c0 at C:\jdk7u1_64p\jdk7u7\hotspot\src\share\vm\prims\jvm.cpp:1166
Event: 91.467 Thread 0x00000000113d8000 Threw 0x00000000fcee0168 at C:\jdk7u1_64p\jdk7u7\hotspot\src\share\vm\prims\jvm.cpp:1166
Event: 91.468 Thread 0x00000000113d8000 Threw 0x00000000fcee4a58 at C:\jdk7u1_64p\jdk7u7\hotspot\src\share\vm\prims\jvm.cpp:1166
Event: 91.468 Thread 0x00000000113d8000 Threw 0x00000000fceeea30 at C:\jdk7u1_64p\jdk7u7\hotspot\src\share\vm\prims\jvm.cpp:1166
Event: 91.468 Thread 0x00000000113d8000 Threw 0x00000000fceef4d0 at C:\jdk7u1_64p\jdk7u7\hotspot\src\share\vm\prims\jvm.cpp:1166
Event: 91.468 Thread 0x00000000113d8000 Threw 0x00000000fcef0278 at C:\jdk7u1_64p\jdk7u7\hotspot\src\share\vm\prims\jvm.cpp:1166
Event: 91.468 Thread 0x00000000113d8000 Threw 0x00000000fcef4b68 at C:\jdk7u1_64p\jdk7u7\hotspot\src\share\vm\prims\jvm.cpp:1166
Event: 91.468 Thread 0x00000000113d8000 Threw 0x00000000fcef9048 at C:\jdk7u1_64p\jdk7u7\hotspot\src\share\vm\prims\jvm.cpp:1166
Event: 91.468 Thread 0x00000000113d8000 Threw 0x00000000fcef9d28 at C:\jdk7u1_64p\jdk7u7\hotspot\src\share\vm\classfile\systemDictionary.cpp:179

Events (10 events):
Event: 91.467 loading class 0x000000000a5961c0 done
Event: 91.467 loading class 0x000000000a5961c0
Event: 91.467 loading class 0x000000000a5961c0 done
Event: 91.467 loading class 0x000000000b56ac90
Event: 91.467 loading class 0x000000000b56ac90 done
Event: 91.468 loading class 0x000000000b56ac90
Event: 91.468 loading class 0x000000000b56ac90 done
Event: 91.468 loading class 0x000000000b56ac90
Event: 91.468 loading class 0x000000000b56ac90 done
Event: 91.475 Executing VM operation: ParallelGCFailedAllocation


Dynamic libraries:
0x00007ff716b50000 - 0x00007ff716b83000 	C:\Program Files\Java\jdk1.7.0_07\bin\java.exe
0x00007ffe985a0000 - 0x00007ffe9874d000 	C:\Windows\SYSTEM32\ntdll.dll
0x00007ffe980d0000 - 0x00007ffe9820e000 	C:\Windows\system32\KERNEL32.DLL
0x00007ffe957c0000 - 0x00007ffe958d5000 	C:\Windows\system32\KERNELBASE.dll
0x00007ffe94290000 - 0x00007ffe9431e000 	C:\Windows\system32\apphelp.dll
0x00007ffe92dc0000 - 0x00007ffe92e13000 	C:\Windows\AppPatch\AppPatch64\AcGenral.DLL
0x00007ffe97790000 - 0x00007ffe9783a000 	C:\Windows\system32\msvcrt.dll
0x00007ffe95790000 - 0x00007ffe957be000 	C:\Windows\system32\SspiCli.dll
0x00007ffe97be0000 - 0x00007ffe97c34000 	C:\Windows\system32\SHLWAPI.dll
0x00007ffe95c80000 - 0x00007ffe95df7000 	C:\Windows\system32\USER32.dll
0x00007ffe98400000 - 0x00007ffe98594000 	C:\Windows\system32\ole32.dll
0x00007ffe96110000 - 0x00007ffe97638000 	C:\Windows\system32\SHELL32.dll
0x00007ffe94d10000 - 0x00007ffe94d31000 	C:\Windows\SYSTEM32\USERENV.dll
0x00007ffe98350000 - 0x00007ffe983fa000 	C:\Windows\system32\ADVAPI32.dll
0x00007ffe89bf0000 - 0x00007ffe89c0e000 	C:\Windows\SYSTEM32\MPR.dll
0x00007ffe97ed0000 - 0x00007ffe98010000 	C:\Windows\system32\RPCRT4.dll
0x00007ffe96060000 - 0x00007ffe960b9000 	C:\Windows\SYSTEM32\sechost.dll
0x00007ffe97cb0000 - 0x00007ffe97ec1000 	C:\Windows\SYSTEM32\combase.dll
0x00007ffe97640000 - 0x00007ffe9778f000 	C:\Windows\system32\GDI32.dll
0x00007ffe956c0000 - 0x00007ffe956d5000 	C:\Windows\SYSTEM32\profapi.dll
0x00007ffe93f20000 - 0x00007ffe93fd2000 	C:\Windows\SYSTEM32\SHCORE.dll
0x00007ffe960c0000 - 0x00007ffe960f6000 	C:\Windows\system32\IMM32.DLL
0x00007ffe95f00000 - 0x00007ffe96052000 	C:\Windows\system32\MSCTF.dll
0x00007ffe937e0000 - 0x00007ffe93a5b000 	C:\Windows\WinSxS\amd64_microsoft.windows.common-controls_6595b64144ccf1df_6.0.9600.18006_none_623f33d3ecbe86e8\COMCTL32.dll
0x0000000055bf0000 - 0x0000000055cc1000 	C:\Program Files\Java\jdk1.7.0_07\jre\bin\msvcr100.dll
0x00000000554d0000 - 0x0000000055bef000 	C:\Program Files\Java\jdk1.7.0_07\jre\bin\server\jvm.dll
0x00007ffe93560000 - 0x00007ffe93569000 	C:\Windows\SYSTEM32\WSOCK32.dll
0x00007ffe8bf50000 - 0x00007ffe8bf72000 	C:\Windows\SYSTEM32\WINMM.dll
0x00007ffe97ca0000 - 0x00007ffe97ca7000 	C:\Windows\system32\PSAPI.DLL
0x00007ffe95c20000 - 0x00007ffe95c7a000 	C:\Windows\system32\WS2_32.dll
0x00007ffe8bf20000 - 0x00007ffe8bf4a000 	C:\Windows\SYSTEM32\WINMMBASE.dll
0x00007ffe95e00000 - 0x00007ffe95e09000 	C:\Windows\system32\NSI.dll
0x00007ffe95b70000 - 0x00007ffe95bbf000 	C:\Windows\SYSTEM32\cfgmgr32.dll
0x00007ffe944e0000 - 0x00007ffe94508000 	C:\Windows\SYSTEM32\DEVOBJ.dll
0x00000000554c0000 - 0x00000000554cf000 	C:\Program Files\Java\jdk1.7.0_07\jre\bin\verify.dll
0x0000000055490000 - 0x00000000554b8000 	C:\Program Files\Java\jdk1.7.0_07\jre\bin\java.dll
0x0000000055460000 - 0x0000000055483000 	C:\Program Files\Java\jdk1.7.0_07\jre\bin\instrument.dll
0x0000000055440000 - 0x0000000055455000 	C:\Program Files\Java\jdk1.7.0_07\jre\bin\zip.dll
0x00007ffe934d0000 - 0x00007ffe934e0000 	C:\Program Files (x86)\JetBrains\IntelliJ IDEA 13.1.3\bin\breakgen64.dll
0x0000000055420000 - 0x0000000055439000 	C:\Program Files\Java\jdk1.7.0_07\jre\bin\net.dll
0x00007ffe94fd0000 - 0x00007ffe95029000 	C:\Windows\system32\mswsock.dll
0x00007ffe95030000 - 0x00007ffe95050000 	C:\Windows\SYSTEM32\CRYPTSP.dll
0x00007ffe94c00000 - 0x00007ffe94c36000 	C:\Windows\system32\rsaenh.dll
0x00007ffe95280000 - 0x00007ffe952a6000 	C:\Windows\SYSTEM32\bcrypt.dll
0x00007ffe95590000 - 0x00007ffe955f3000 	C:\Windows\system32\bcryptprimitives.dll
0x00007ffe95600000 - 0x00007ffe9560b000 	C:\Windows\SYSTEM32\CRYPTBASE.dll
0x00007ffe88970000 - 0x00007ffe88985000 	C:\Windows\system32\napinsp.dll
0x00007ffe88950000 - 0x00007ffe8896a000 	C:\Windows\system32\pnrpnsp.dll
0x00007ffe906f0000 - 0x00007ffe9070b000 	C:\Windows\system32\NLAapi.dll
0x00007ffe94dd0000 - 0x00007ffe94e74000 	C:\Windows\SYSTEM32\DNSAPI.dll
0x00007ffe88c10000 - 0x00007ffe88c1d000 	C:\Windows\System32\winrnr.dll
0x00007ffe88990000 - 0x00007ffe889a4000 	C:\Windows\system32\wshbth.dll
0x00007ffe8aff0000 - 0x00007ffe8affa000 	C:\Windows\System32\rasadhlp.dll
0x00007ffe8fe20000 - 0x00007ffe8fe4a000 	C:\Windows\SYSTEM32\IPHLPAPI.DLL
0x00007ffe8fdd0000 - 0x00007ffe8fdda000 	C:\Windows\SYSTEM32\WINNSI.DLL
0x00007ffe8f8d0000 - 0x00007ffe8f93b000 	C:\Windows\System32\fwpuclnt.dll
0x0000000055400000 - 0x0000000055411000 	C:\Program Files\Java\jdk1.7.0_07\jre\bin\nio.dll
0x0000000180000000 - 0x0000000180037000 	C:\Users\Crown\AppData\Local\Temp\jna3581327724102523655.dll
0x0000000002300000 - 0x0000000002310000 	C:\Users\Crown\AppData\Local\Temp\jline_.dll
0x00000000553f0000 - 0x00000000553fb000 	C:\Program Files\Java\jdk1.7.0_07\jre\bin\management.dll

VM Arguments:
jvm_args: -Dgrails.home=D:\windows_backup\grails-2.2.3 -Dbase.dir=D:\igoto -Dtools.jar=C:\Program Files\Java\jdk1.7.0_07\lib\tools.jar -Dgroovy.starter.conf=D:\windows_backup\grails-2.2.3/conf/groovy-starter.conf -Xmx768M -Xms768M -XX:MaxPermSize=256m -XX:PermSize=256m -Djline.WindowsTerminal.directConsole=false -javaagent:D:\windows_backup\grails-2.2.3\lib\org.springsource.springloaded\springloaded-core\jars\springloaded-core-1.1.3.jar -Xverify:none -Dspringloaded=profile=grails -Didea.launcher.port=7533 -Didea.launcher.bin.path=C:\Program Files (x86)\JetBrains\IntelliJ IDEA 13.1.3\bin -Dfile.encoding=UTF-8 
java_command: com.intellij.rt.execution.application.AppMain org.codehaus.groovy.grails.cli.support.GrailsStarter --main org.codehaus.groovy.grails.cli.GrailsScriptRunner --conf D:\windows_backup\grails-2.2.3/conf/groovy-starter.conf run-app -plain-output
Launcher Type: SUN_STANDARD

Environment Variables:
JAVA_HOME=C:\Program Files\Java\jdk1.7.0_07
PATH=D:\app\Crown\product\11.2.0\dbhome_1\bin;C:\Windows\system32;C:\Windows;C:\Windows\System32\Wbem;C:\Windows\System32\WindowsPowerShell\v1.0\;C:\Program Files (x86)\AMD\ATI.ACE\Core-Static;C:\Program Files\Intel\WiFi\bin\;C:\Program Files\Common Files\Intel\WirelessCommon\;C:\Program Files\Java\jdk1.7.0_07\bin;C:\Program Files\Git\cmd;C:\Program Files\Intel\WiFi\bin\;C:\Program Files\Common Files\Intel\WirelessCommon\
USERNAME=Crown
OS=Windows_NT
PROCESSOR_IDENTIFIER=Intel64 Family 6 Model 78 Stepping 3, GenuineIntel



---------------  S Y S T E M  ---------------

OS: Windows 8 , 64 bit Build 9200 

CPU:total 4 (2 cores per cpu, 2 threads per core) family 6 model 78 stepping 3, cmov, cx8, fxsr, mmx, sse, sse2, sse3, ssse3, sse4.1, sse4.2, popcnt, avx, avx2, ht, tsc, tscinvbit

Memory: 4k page, physical 4049768k(1004436k free), swap 7195496k(1674136k free)

vm_info: Java HotSpot(TM) 64-Bit Server VM (23.3-b01) for windows-amd64 JRE (1.7.0_07-b10), built on Aug 28 2012 18:28:27 by "java_re" with unknown MS VC++:1600

time: Fri Jun 09 14:47:04 2017
elapsed time: 91 seconds

